[0.501s] Invoking command in '/home/honami/soft_ws/build/soft_ws': PYTHONPATH=/home/honami/soft_ws/build/soft_ws/prefix_override:/usr/lib/python3/dist-packages/colcon_core/task/python/colcon_distutils_commands:/home/honami/soft_ws/install/soft_ws/lib/python3.10/site-packages:${PYTHONPATH} /usr/bin/python3 -W ignore:setup.py install is deprecated -W ignore:easy_install command is deprecated setup.py develop --uninstall --editable --build-directory /home/honami/soft_ws/build/soft_ws/build
[0.686s] running develop
[0.798s] Removing /home/honami/soft_ws/install/soft_ws/lib/python3.10/site-packages/soft-ws.egg-link (link to .)
[0.813s] Invoked command in '/home/honami/soft_ws/build/soft_ws' returned '0': PYTHONPATH=/home/honami/soft_ws/build/soft_ws/prefix_override:/usr/lib/python3/dist-packages/colcon_core/task/python/colcon_distutils_commands:/home/honami/soft_ws/install/soft_ws/lib/python3.10/site-packages:${PYTHONPATH} /usr/bin/python3 -W ignore:setup.py install is deprecated -W ignore:easy_install command is deprecated setup.py develop --uninstall --editable --build-directory /home/honami/soft_ws/build/soft_ws/build
[0.814s] Invoking command in '/home/honami/soft_ws': PYTHONPATH=/home/honami/soft_ws/build/soft_ws/prefix_override:/usr/lib/python3/dist-packages/colcon_core/task/python/colcon_distutils_commands:/home/honami/soft_ws/install/soft_ws/lib/python3.10/site-packages:${PYTHONPATH} /usr/bin/python3 -W ignore:setup.py install is deprecated -W ignore:easy_install command is deprecated setup.py egg_info --egg-base build/soft_ws build --build-base /home/honami/soft_ws/build/soft_ws/build install --record /home/honami/soft_ws/build/soft_ws/install.log --single-version-externally-managed install_data --force
[0.977s] running egg_info
[0.977s] writing build/soft_ws/soft_ws.egg-info/PKG-INFO
[0.977s] writing dependency_links to build/soft_ws/soft_ws.egg-info/dependency_links.txt
[0.977s] writing entry points to build/soft_ws/soft_ws.egg-info/entry_points.txt
[0.977s] writing requirements to build/soft_ws/soft_ws.egg-info/requires.txt
[0.978s] writing top-level names to build/soft_ws/soft_ws.egg-info/top_level.txt
[0.978s] reading manifest file 'build/soft_ws/soft_ws.egg-info/SOURCES.txt'
[0.980s] writing manifest file 'build/soft_ws/soft_ws.egg-info/SOURCES.txt'
[0.980s] running build
[0.980s] running build_py
[0.980s] creating /home/honami/soft_ws/build/soft_ws/build
[0.980s] creating /home/honami/soft_ws/build/soft_ws/build/lib
[0.980s] creating /home/honami/soft_ws/build/soft_ws/build/lib/soft_ws
[0.980s] copying soft_ws/goal_reporter_node.py -> /home/honami/soft_ws/build/soft_ws/build/lib/soft_ws
[0.981s] copying soft_ws/goal_navigation_with_imu.py -> /home/honami/soft_ws/build/soft_ws/build/lib/soft_ws
[0.981s] copying soft_ws/gps_controller.py -> /home/honami/soft_ws/build/soft_ws/build/lib/soft_ws
[0.981s] copying soft_ws/navigation_imu.py -> /home/honami/soft_ws/build/soft_ws/build/lib/soft_ws
[0.981s] copying soft_ws/gps_to_odom_node.py -> /home/honami/soft_ws/build/soft_ws/build/lib/soft_ws
[0.982s] copying soft_ws/__init__.py -> /home/honami/soft_ws/build/soft_ws/build/lib/soft_ws
[0.982s] running install
[0.982s] running install_lib
[0.983s] creating /home/honami/soft_ws/install/soft_ws/lib/python3.10/site-packages/soft_ws
[0.983s] copying /home/honami/soft_ws/build/soft_ws/build/lib/soft_ws/goal_reporter_node.py -> /home/honami/soft_ws/install/soft_ws/lib/python3.10/site-packages/soft_ws
[0.983s] copying /home/honami/soft_ws/build/soft_ws/build/lib/soft_ws/goal_navigation_with_imu.py -> /home/honami/soft_ws/install/soft_ws/lib/python3.10/site-packages/soft_ws
[0.983s] copying /home/honami/soft_ws/build/soft_ws/build/lib/soft_ws/gps_controller.py -> /home/honami/soft_ws/install/soft_ws/lib/python3.10/site-packages/soft_ws
[0.983s] copying /home/honami/soft_ws/build/soft_ws/build/lib/soft_ws/navigation_imu.py -> /home/honami/soft_ws/install/soft_ws/lib/python3.10/site-packages/soft_ws
[0.983s] copying /home/honami/soft_ws/build/soft_ws/build/lib/soft_ws/gps_to_odom_node.py -> /home/honami/soft_ws/install/soft_ws/lib/python3.10/site-packages/soft_ws
[0.983s] copying /home/honami/soft_ws/build/soft_ws/build/lib/soft_ws/__init__.py -> /home/honami/soft_ws/install/soft_ws/lib/python3.10/site-packages/soft_ws
[0.983s] byte-compiling /home/honami/soft_ws/install/soft_ws/lib/python3.10/site-packages/soft_ws/goal_reporter_node.py to goal_reporter_node.cpython-310.pyc
[0.983s] byte-compiling /home/honami/soft_ws/install/soft_ws/lib/python3.10/site-packages/soft_ws/goal_navigation_with_imu.py to goal_navigation_with_imu.cpython-310.pyc
[0.984s] byte-compiling /home/honami/soft_ws/install/soft_ws/lib/python3.10/site-packages/soft_ws/gps_controller.py to gps_controller.cpython-310.pyc
[0.985s]   File "/home/honami/soft_ws/install/soft_ws/lib/python3.10/site-packages/soft_ws/goal_navigation_with_imu.py", line 175
[0.985s]     /goal_fix
[0.985s]     ^
[0.985s] SyntaxError: invalid syntax
[0.985s] 
[0.985s] byte-compiling /home/honami/soft_ws/install/soft_ws/lib/python3.10/site-packages/soft_ws/navigation_imu.py to navigation_imu.cpython-310.pyc
[0.985s] byte-compiling /home/honami/soft_ws/install/soft_ws/lib/python3.10/site-packages/soft_ws/gps_to_odom_node.py to gps_to_odom_node.cpython-310.pyc
[0.986s] byte-compiling /home/honami/soft_ws/install/soft_ws/lib/python3.10/site-packages/soft_ws/__init__.py to __init__.cpython-310.pyc
[0.986s] running install_data
[0.986s] copying resource/soft_ws -> /home/honami/soft_ws/install/soft_ws/share/ament_index/resource_index/packages
[0.986s] copying package.xml -> /home/honami/soft_ws/install/soft_ws/share/soft_ws
[0.986s] running install_egg_info
[0.987s] Copying build/soft_ws/soft_ws.egg-info to /home/honami/soft_ws/install/soft_ws/lib/python3.10/site-packages/soft_ws-0.0.0-py3.10.egg-info
[0.988s] running install_scripts
[1.001s] Installing fake_imu_publisher script to /home/honami/soft_ws/install/soft_ws/lib/soft_ws
[1.001s] Installing goal_navigation_with_imu script to /home/honami/soft_ws/install/soft_ws/lib/soft_ws
[1.001s] Installing goal_reporter_node script to /home/honami/soft_ws/install/soft_ws/lib/soft_ws
[1.001s] Installing gps_controller script to /home/honami/soft_ws/install/soft_ws/lib/soft_ws
[1.001s] Installing gps_to_odom_node script to /home/honami/soft_ws/install/soft_ws/lib/soft_ws
[1.001s] Installing navigation_imu script to /home/honami/soft_ws/install/soft_ws/lib/soft_ws
[1.001s] writing list of installed files to '/home/honami/soft_ws/build/soft_ws/install.log'
[1.015s] Invoked command in '/home/honami/soft_ws' returned '0': PYTHONPATH=/home/honami/soft_ws/build/soft_ws/prefix_override:/usr/lib/python3/dist-packages/colcon_core/task/python/colcon_distutils_commands:/home/honami/soft_ws/install/soft_ws/lib/python3.10/site-packages:${PYTHONPATH} /usr/bin/python3 -W ignore:setup.py install is deprecated -W ignore:easy_install command is deprecated setup.py egg_info --egg-base build/soft_ws build --build-base /home/honami/soft_ws/build/soft_ws/build install --record /home/honami/soft_ws/build/soft_ws/install.log --single-version-externally-managed install_data --force
