running egg_info
writing build/soft_ws/soft_ws.egg-info/PKG-INFO
writing dependency_links to build/soft_ws/soft_ws.egg-info/dependency_links.txt
writing entry points to build/soft_ws/soft_ws.egg-info/entry_points.txt
writing requirements to build/soft_ws/soft_ws.egg-info/requires.txt
writing top-level names to build/soft_ws/soft_ws.egg-info/top_level.txt
reading manifest file 'build/soft_ws/soft_ws.egg-info/SOURCES.txt'
writing manifest file 'build/soft_ws/soft_ws.egg-info/SOURCES.txt'
running build
running build_py
copying soft_ws/goal_navigation_with_imu.py -> /home/honami/soft_ws/build/soft_ws/build/lib/soft_ws
running install
running install_lib
copying /home/honami/soft_ws/build/soft_ws/build/lib/soft_ws/goal_navigation_with_imu.py -> /home/honami/soft_ws/install/soft_ws/lib/python3.10/site-packages/soft_ws
byte-compiling /home/honami/soft_ws/install/soft_ws/lib/python3.10/site-packages/soft_ws/goal_navigation_with_imu.py to goal_navigation_with_imu.cpython-310.pyc
running install_data
running install_egg_info
removing '/home/honami/soft_ws/install/soft_ws/lib/python3.10/site-packages/soft_ws-0.0.0-py3.10.egg-info' (and everything under it)
Copying build/soft_ws/soft_ws.egg-info to /home/honami/soft_ws/install/soft_ws/lib/python3.10/site-packages/soft_ws-0.0.0-py3.10.egg-info
running install_scripts
Installing fake_imu_publisher script to /home/honami/soft_ws/install/soft_ws/lib/soft_ws
Installing goal_navigation_with_imu script to /home/honami/soft_ws/install/soft_ws/lib/soft_ws
Installing goal_reporter_node script to /home/honami/soft_ws/install/soft_ws/lib/soft_ws
Installing gps_controller script to /home/honami/soft_ws/install/soft_ws/lib/soft_ws
Installing gps_to_odom_node script to /home/honami/soft_ws/install/soft_ws/lib/soft_ws
Installing navigation_imu script to /home/honami/soft_ws/install/soft_ws/lib/soft_ws
writing list of installed files to '/home/honami/soft_ws/build/soft_ws/install.log'
