[0.400s] Invoking command in '/home/honami/soft_ws/build/soft_ws': PYTHONPATH=/home/honami/soft_ws/build/soft_ws/prefix_override:/usr/lib/python3/dist-packages/colcon_core/task/python/colcon_distutils_commands:/home/honami/soft_ws/install/soft_ws/lib/python3.10/site-packages:${PYTHONPATH} /usr/bin/python3 -W ignore:setup.py install is deprecated -W ignore:easy_install command is deprecated setup.py develop --editable --build-directory /home/honami/soft_ws/build/soft_ws/build --no-deps symlink_data
[0.569s] running develop
[0.678s] running egg_info
[0.678s] creating soft_ws.egg-info
[0.678s] writing soft_ws.egg-info/PKG-INFO
[0.678s] writing dependency_links to soft_ws.egg-info/dependency_links.txt
[0.678s] writing entry points to soft_ws.egg-info/entry_points.txt
[0.678s] writing requirements to soft_ws.egg-info/requires.txt
[0.678s] writing top-level names to soft_ws.egg-info/top_level.txt
[0.678s] writing manifest file 'soft_ws.egg-info/SOURCES.txt'
[0.679s] reading manifest file 'soft_ws.egg-info/SOURCES.txt'
[0.679s] writing manifest file 'soft_ws.egg-info/SOURCES.txt'
[0.680s] running build_ext
[0.680s] Creating /home/honami/soft_ws/install/soft_ws/lib/python3.10/site-packages/soft-ws.egg-link (link to .)
[0.681s] Installing fake_imu_publisher script to /home/honami/soft_ws/install/soft_ws/lib/soft_ws
[0.681s] Installing goal_navigation_with_imu script to /home/honami/soft_ws/install/soft_ws/lib/soft_ws
[0.681s] Installing goal_reporter_node script to /home/honami/soft_ws/install/soft_ws/lib/soft_ws
[0.681s] Installing gps_to_odom_node script to /home/honami/soft_ws/install/soft_ws/lib/soft_ws
[0.681s] 
[0.681s] Installed /home/honami/soft_ws/build/soft_ws
[0.681s] running symlink_data
[0.681s] creating /home/honami/soft_ws/install/soft_ws/share/ament_index
[0.681s] creating /home/honami/soft_ws/install/soft_ws/share/ament_index/resource_index
[0.681s] creating /home/honami/soft_ws/install/soft_ws/share/ament_index/resource_index/packages
[0.681s] symbolically linking /home/honami/soft_ws/build/soft_ws/resource/soft_ws -> /home/honami/soft_ws/install/soft_ws/share/ament_index/resource_index/packages
[0.681s] symbolically linking /home/honami/soft_ws/build/soft_ws/package.xml -> /home/honami/soft_ws/install/soft_ws/share/soft_ws
[0.697s] Invoked command in '/home/honami/soft_ws/build/soft_ws' returned '0': PYTHONPATH=/home/honami/soft_ws/build/soft_ws/prefix_override:/usr/lib/python3/dist-packages/colcon_core/task/python/colcon_distutils_commands:/home/honami/soft_ws/install/soft_ws/lib/python3.10/site-packages:${PYTHONPATH} /usr/bin/python3 -W ignore:setup.py install is deprecated -W ignore:easy_install command is deprecated setup.py develop --editable --build-directory /home/honami/soft_ws/build/soft_ws/build --no-deps symlink_data
